<?xml version="1.0" encoding="UTF-8"?><testsuites time="1.332"><testsuite name="home page" tests="3" failures="0" errors="0" time="1.332" timestamp="2014-05-09T16:57:33.124Z" package="test/acceptance/home_page_test"><testcase name="HTTP status code is: 200" classname="test/acceptance/home_page_test" time="1.291"></testcase><testcase name="title is Hailey's Blog" classname="test/acceptance/home_page_test" time="0.02"></testcase><testcase name="Find &quot;Hailey's Blog&quot; within the selector &quot;h1&quot;" classname="test/acceptance/home_page_test" time="0.021"></testcase><system-out></system-out></testsuite></testsuites>